# JRE version: Java(TM) SE Runtime Environment (9.0+11) (build 9.0.1+11)
# Java VM: Java HotSpot(TM) 64-Bit Server VM (9.0.1+11, mixed mode, tiered, compressed oops, g1 gc, bsd-amd64)
Heap:
 garbage-first heap   total 131072K, used 54016K [0x0000000740000000, 0x0000000740100400, 0x00000007c0000000)
  region size 1024K, 37 young (37888K), 8 survivors (8192K)
 Metaspace       used 25039K, capacity 26117K, committed 26496K, reserved 1073152K
  class space    used 2353K, capacity 2567K, committed 2688K, reserved 1048576K
GC Heap History (8 events):
Event: 7.234 GC heap before
{Heap before GC invocations=0 (full 0):
 garbage-first heap   total 131072K, used 25600K [0x0000000740000000, 0x0000000740100400, 0x00000007c0000000)
  region size 1024K, 24 young (24576K), 0 survivors (0K)
 Metaspace       used 17835K, capacity 18883K, committed 18944K, reserved 1067008K
  class space    used 1807K, capacity 2026K, committed 2048K, reserved 1048576K
}
Event: 7.245 GC heap after
{Heap after GC invocations=1 (full 0):
 garbage-first heap   total 131072K, used 6793K [0x0000000740000000, 0x0000000740100400, 0x00000007c0000000)
  region size 1024K, 3 young (3072K), 3 survivors (3072K)
 Metaspace       used 17835K, capacity 18883K, committed 18944K, reserved 1067008K
  class space    used 1807K, capacity 2026K, committed 2048K, reserved 1048576K
}
Event: 7.354 GC heap before
{Heap before GC invocations=1 (full 0):
 garbage-first heap   total 131072K, used 8841K [0x0000000740000000, 0x0000000740100400, 0x00000007c0000000)
  region size 1024K, 6 young (6144K), 3 survivors (3072K)
 Metaspace       used 20143K, capacity 21171K, committed 21296K, reserved 1069056K
  class space    used 1894K, capacity 2147K, committed 2176K, reserved 1048576K
}
Event: 7.360 GC heap after
{Heap after GC invocations=2 (full 0):
 garbage-first heap   total 131072K, used 6324K [0x0000000740000000, 0x0000000740100400, 0x00000007c0000000)
  region size 1024K, 1 young (1024K), 1 survivors (1024K)
 Metaspace       used 20143K, capacity 21171K, committed 21296K, reserved 1069056K
  class space    used 1894K, capacity 2147K, committed 2176K, reserved 1048576K
}
Event: 9.117 GC heap before
{Heap before GC invocations=3 (full 0):
 garbage-first heap   total 131072K, used 44212K [0x0000000740000000, 0x0000000740100400, 0x00000007c0000000)
  region size 1024K, 34 young (34816K), 1 survivors (1024K)
 Metaspace       used 24184K, capacity 25275K, committed 25472K, reserved 1073152K
  class space    used 2334K, capacity 2564K, committed 2688K, reserved 1048576K
}
Event: 9.123 GC heap after
{Heap after GC invocations=4 (full 0):
 garbage-first heap   total 131072K, used 17096K [0x0000000740000000, 0x0000000740100400, 0x00000007c0000000)
  region size 1024K, 5 young (5120K), 5 survivors (5120K)
 Metaspace       used 24184K, capacity 25275K, committed 25472K, reserved 1073152K
  class space    used 2334K, capacity 2564K, committed 2688K, reserved 1048576K
}
Event: 13.513 GC heap before
{Heap before GC invocations=4 (full 0):
 garbage-first heap   total 131072K, used 73416K [0x0000000740000000, 0x0000000740100400, 0x00000007c0000000)
  region size 1024K, 60 young (61440K), 5 survivors (5120K)
 Metaspace       used 24808K, capacity 25921K, committed 26240K, reserved 1073152K
  class space    used 2334K, capacity 2565K, committed 2688K, reserved 1048576K
}
Event: 13.520 GC heap after
{Heap after GC invocations=5 (full 0):
 garbage-first heap   total 131072K, used 25344K [0x0000000740000000, 0x0000000740100400, 0x00000007c0000000)
  region size 1024K, 8 young (8192K), 8 survivors (8192K)
 Metaspace       used 24808K, capacity 25921K, committed 26240K, reserved 1073152K
  class space    used 2334K, capacity 2565K, committed 2688K, reserved 1048576K
}

