# JRE version: Java(TM) SE Runtime Environment (9.0+11) (build 9.0.1+11)
# Java VM: Java HotSpot(TM) 64-Bit Server VM (9.0.1+11, mixed mode, tiered, compressed oops, g1 gc, bsd-amd64)
Heap:
 garbage-first heap   total 131072K, used 32440K [0x0000000740000000, 0x0000000740100400, 0x00000007c0000000)
  region size 1024K, 5 young (5120K), 2 survivors (2048K)
 Metaspace       used 33274K, capacity 34575K, committed 34688K, reserved 1081344K
  class space    used 2616K, capacity 2906K, committed 2944K, reserved 1048576K
GC Heap History (10 events):
Event: 5.092 GC heap before
{Heap before GC invocations=0 (full 0):
 garbage-first heap   total 131072K, used 25600K [0x0000000740000000, 0x0000000740100400, 0x00000007c0000000)
  region size 1024K, 24 young (24576K), 0 survivors (0K)
 Metaspace       used 17850K, capacity 18915K, committed 19072K, reserved 1067008K
  class space    used 1817K, capacity 2058K, committed 2176K, reserved 1048576K
}
Event: 5.102 GC heap after
{Heap after GC invocations=1 (full 0):
 garbage-first heap   total 131072K, used 6809K [0x0000000740000000, 0x0000000740100400, 0x00000007c0000000)
  region size 1024K, 3 young (3072K), 3 survivors (3072K)
 Metaspace       used 17850K, capacity 18915K, committed 19072K, reserved 1067008K
  class space    used 1817K, capacity 2058K, committed 2176K, reserved 1048576K
}
Event: 5.209 GC heap before
{Heap before GC invocations=1 (full 0):
 garbage-first heap   total 131072K, used 8857K [0x0000000740000000, 0x0000000740100400, 0x00000007c0000000)
  region size 1024K, 6 young (6144K), 3 survivors (3072K)
 Metaspace       used 20155K, capacity 21171K, committed 21296K, reserved 1069056K
  class space    used 1910K, capacity 2147K, committed 2176K, reserved 1048576K
}
Event: 5.214 GC heap after
{Heap after GC invocations=2 (full 0):
 garbage-first heap   total 131072K, used 6424K [0x0000000740000000, 0x0000000740100400, 0x00000007c0000000)
  region size 1024K, 1 young (1024K), 1 survivors (1024K)
 Metaspace       used 20155K, capacity 21171K, committed 21296K, reserved 1069056K
  class space    used 1910K, capacity 2147K, committed 2176K, reserved 1048576K
}
Event: 7.754 GC heap before
{Heap before GC invocations=3 (full 0):
 garbage-first heap   total 131072K, used 59672K [0x0000000740000000, 0x0000000740100400, 0x00000007c0000000)
  region size 1024K, 33 young (33792K), 1 survivors (1024K)
 Metaspace       used 31089K, capacity 32390K, committed 32512K, reserved 1079296K
  class space    used 2516K, capacity 2798K, committed 2816K, reserved 1048576K
}
Event: 7.760 GC heap after
{Heap after GC invocations=4 (full 0):
 garbage-first heap   total 131072K, used 20152K [0x0000000740000000, 0x0000000740100400, 0x00000007c0000000)
  region size 1024K, 5 young (5120K), 5 survivors (5120K)
 Metaspace       used 31089K, capacity 32390K, committed 32512K, reserved 1079296K
  class space    used 2516K, capacity 2798K, committed 2816K, reserved 1048576K
}
Event: 10.927 GC heap before
{Heap before GC invocations=4 (full 0):
 garbage-first heap   total 131072K, used 75448K [0x0000000740000000, 0x0000000740100400, 0x00000007c0000000)
  region size 1024K, 59 young (60416K), 5 survivors (5120K)
 Metaspace       used 32816K, capacity 34149K, committed 34432K, reserved 1081344K
  class space    used 2606K, capacity 2871K, committed 2944K, reserved 1048576K
}
Event: 10.934 GC heap after
{Heap after GC invocations=5 (full 0):
 garbage-first heap   total 131072K, used 29708K [0x0000000740000000, 0x0000000740100400, 0x00000007c0000000)
  region size 1024K, 8 young (8192K), 8 survivors (8192K)
 Metaspace       used 32816K, capacity 34149K, committed 34432K, reserved 1081344K
  class space    used 2606K, capacity 2871K, committed 2944K, reserved 1048576K
}
Event: 20.612 GC heap before
{Heap before GC invocations=5 (full 0):
 garbage-first heap   total 131072K, used 78860K [0x0000000740000000, 0x0000000740100400, 0x00000007c0000000)
  region size 1024K, 56 young (57344K), 8 survivors (8192K)
 Metaspace       used 33226K, capacity 34539K, committed 34688K, reserved 1081344K
  class space    used 2606K, capacity 2872K, committed 2944K, reserved 1048576K
}
Event: 20.616 GC heap after
{Heap after GC invocations=6 (full 0):
 garbage-first heap   total 131072K, used 30392K [0x0000000740000000, 0x0000000740100400, 0x00000007c0000000)
  region size 1024K, 2 young (2048K), 2 survivors (2048K)
 Metaspace       used 33226K, capacity 34539K, committed 34688K, reserved 1081344K
  class space    used 2606K, capacity 2872K, committed 2944K, reserved 1048576K
}

