# JRE version: Java(TM) SE Runtime Environment (9.0+11) (build 9.0.1+11)
# Java VM: Java HotSpot(TM) 64-Bit Server VM (9.0.1+11, mixed mode, tiered, compressed oops, g1 gc, bsd-amd64)
Heap:
 garbage-first heap   total 131072K, used 96514K [0x0000000740000000, 0x0000000740100400, 0x00000007c0000000)
  region size 1024K, 53 young (54272K), 7 survivors (7168K)
 Metaspace       used 34132K, capacity 35485K, committed 35712K, reserved 1081344K
  class space    used 2624K, capacity 2931K, committed 2944K, reserved 1048576K
GC Heap History (10 events):
Event: 16.678 GC heap before
{Heap before GC invocations=7 (full 0):
 garbage-first heap   total 131072K, used 84146K [0x0000000740000000, 0x0000000740100400, 0x00000007c0000000)
  region size 1024K, 57 young (58368K), 3 survivors (3072K)
 Metaspace       used 33737K, capacity 35069K, committed 35200K, reserved 1081344K
  class space    used 2619K, capacity 2899K, committed 2944K, reserved 1048576K
}
Event: 16.680 GC heap after
{Heap after GC invocations=8 (full 0):
 garbage-first heap   total 131072K, used 36113K [0x0000000740000000, 0x0000000740100400, 0x00000007c0000000)
  region size 1024K, 8 young (8192K), 8 survivors (8192K)
 Metaspace       used 33737K, capacity 35069K, committed 35200K, reserved 1081344K
  class space    used 2619K, capacity 2899K, committed 2944K, reserved 1048576K
}
Event: 17.274 GC heap before
{Heap before GC invocations=8 (full 0):
 garbage-first heap   total 131072K, used 89361K [0x0000000740000000, 0x0000000740100400, 0x00000007c0000000)
  region size 1024K, 60 young (61440K), 8 survivors (8192K)
 Metaspace       used 33868K, capacity 35197K, committed 35456K, reserved 1081344K
  class space    used 2619K, capacity 2899K, committed 2944K, reserved 1048576K
}
Event: 17.277 GC heap after
{Heap after GC invocations=9 (full 0):
 garbage-first heap   total 131072K, used 41988K [0x0000000740000000, 0x0000000740100400, 0x00000007c0000000)
  region size 1024K, 8 young (8192K), 8 survivors (8192K)
 Metaspace       used 33868K, capacity 35197K, committed 35456K, reserved 1081344K
  class space    used 2619K, capacity 2899K, committed 2944K, reserved 1048576K
}
Event: 21.890 GC heap before
{Heap before GC invocations=9 (full 0):
 garbage-first heap   total 131072K, used 93188K [0x0000000740000000, 0x0000000740100400, 0x00000007c0000000)
  region size 1024K, 58 young (59392K), 8 survivors (8192K)
 Metaspace       used 33912K, capacity 35197K, committed 35456K, reserved 1081344K
  class space    used 2619K, capacity 2899K, committed 2944K, reserved 1048576K
}
Event: 21.896 GC heap after
{Heap after GC invocations=10 (full 0):
 garbage-first heap   total 131072K, used 42260K [0x0000000740000000, 0x0000000740100400, 0x00000007c0000000)
  region size 1024K, 1 young (1024K), 1 survivors (1024K)
 Metaspace       used 33912K, capacity 35197K, committed 35456K, reserved 1081344K
  class space    used 2619K, capacity 2899K, committed 2944K, reserved 1048576K
}
Event: 26.508 GC heap before
{Heap before GC invocations=10 (full 0):
 garbage-first heap   total 131072K, used 94484K [0x0000000740000000, 0x0000000740100400, 0x00000007c0000000)
  region size 1024K, 52 young (53248K), 1 survivors (1024K)
 Metaspace       used 33938K, capacity 35261K, committed 35456K, reserved 1081344K
  class space    used 2619K, capacity 2899K, committed 2944K, reserved 1048576K
}
Event: 26.509 GC heap after
{Heap after GC invocations=11 (full 0):
 garbage-first heap   total 131072K, used 42264K [0x0000000740000000, 0x0000000740100400, 0x00000007c0000000)
  region size 1024K, 1 young (1024K), 1 survivors (1024K)
 Metaspace       used 33938K, capacity 35261K, committed 35456K, reserved 1081344K
  class space    used 2619K, capacity 2899K, committed 2944K, reserved 1048576K
}
Event: 29.036 GC heap before
{Heap before GC invocations=11 (full 0):
 garbage-first heap   total 131072K, used 96536K [0x0000000740000000, 0x0000000740100400, 0x00000007c0000000)
  region size 1024K, 54 young (55296K), 1 survivors (1024K)
 Metaspace       used 34055K, capacity 35389K, committed 35456K, reserved 1081344K
  class space    used 2619K, capacity 2899K, committed 2944K, reserved 1048576K
}
Event: 29.038 GC heap after
{Heap after GC invocations=12 (full 0):
 garbage-first heap   total 131072K, used 50434K [0x0000000740000000, 0x0000000740100400, 0x00000007c0000000)
  region size 1024K, 7 young (7168K), 7 survivors (7168K)
 Metaspace       used 34055K, capacity 35389K, committed 35456K, reserved 1081344K
  class space    used 2619K, capacity 2899K, committed 2944K, reserved 1048576K
}

