# JRE version: Java(TM) SE Runtime Environment (9.0+11) (build 9.0.1+11)
# Java VM: Java HotSpot(TM) 64-Bit Server VM (9.0.1+11, mixed mode, tiered, compressed oops, g1 gc, bsd-amd64)
Heap:
 garbage-first heap   total 131072K, used 17075K [0x0000000740000000, 0x0000000740100400, 0x00000007c0000000)
  region size 1024K, 6 young (6144K), 4 survivors (4096K)
 Metaspace       used 24853K, capacity 26003K, committed 26240K, reserved 1073152K
  class space    used 2346K, capacity 2594K, committed 2688K, reserved 1048576K
GC Heap History (6 events):
Event: 5.078 GC heap before
{Heap before GC invocations=0 (full 0):
 garbage-first heap   total 131072K, used 25600K [0x0000000740000000, 0x0000000740100400, 0x00000007c0000000)
  region size 1024K, 24 young (24576K), 0 survivors (0K)
 Metaspace       used 18184K, capacity 19237K, committed 19584K, reserved 1067008K
  class space    used 1818K, capacity 2057K, committed 2176K, reserved 1048576K
}
Event: 5.090 GC heap after
{Heap after GC invocations=1 (full 0):
 garbage-first heap   total 131072K, used 6758K [0x0000000740000000, 0x0000000740100400, 0x00000007c0000000)
  region size 1024K, 3 young (3072K), 3 survivors (3072K)
 Metaspace       used 18184K, capacity 19237K, committed 19584K, reserved 1067008K
  class space    used 1818K, capacity 2057K, committed 2176K, reserved 1048576K
}
Event: 5.181 GC heap before
{Heap before GC invocations=1 (full 0):
 garbage-first heap   total 131072K, used 8806K [0x0000000740000000, 0x0000000740100400, 0x00000007c0000000)
  region size 1024K, 6 young (6144K), 3 survivors (3072K)
 Metaspace       used 20127K, capacity 21141K, committed 21296K, reserved 1069056K
  class space    used 1890K, capacity 2114K, committed 2176K, reserved 1048576K
}
Event: 5.188 GC heap after
{Heap after GC invocations=2 (full 0):
 garbage-first heap   total 131072K, used 6331K [0x0000000740000000, 0x0000000740100400, 0x00000007c0000000)
  region size 1024K, 4 young (4096K), 4 survivors (4096K)
 Metaspace       used 20127K, capacity 21141K, committed 21296K, reserved 1069056K
  class space    used 1890K, capacity 2114K, committed 2176K, reserved 1048576K
}
Event: 12.273 GC heap before
{Heap before GC invocations=3 (full 0):
 garbage-first heap   total 131072K, used 37461K [0x0000000740000000, 0x0000000740100400, 0x00000007c0000000)
  region size 1024K, 29 young (29696K), 4 survivors (4096K)
 Metaspace       used 24790K, capacity 25937K, committed 26240K, reserved 1073152K
  class space    used 2335K, capacity 2593K, committed 2688K, reserved 1048576K
}
Event: 12.285 GC heap after
{Heap after GC invocations=4 (full 0):
 garbage-first heap   total 131072K, used 16051K [0x0000000740000000, 0x0000000740100400, 0x00000007c0000000)
  region size 1024K, 4 young (4096K), 4 survivors (4096K)
 Metaspace       used 24790K, capacity 25937K, committed 26240K, reserved 1073152K
  class space    used 2335K, capacity 2593K, committed 2688K, reserved 1048576K
}

