# JRE version: Java(TM) SE Runtime Environment (9.0+11) (build 9.0.1+11)
# Java VM: Java HotSpot(TM) 64-Bit Server VM (9.0.1+11, mixed mode, tiered, compressed oops, g1 gc, bsd-amd64)
Heap:
 garbage-first heap   total 131072K, used 88848K [0x0000000740000000, 0x0000000740100400, 0x00000007c0000000)
  region size 1024K, 18 young (18432K), 1 survivors (1024K)
 Metaspace       used 33607K, capacity 34831K, committed 35200K, reserved 1081344K
  class space    used 2570K, capacity 2842K, committed 2944K, reserved 1048576K
GC Heap History (10 events):
Event: 26.992 GC heap before
{Heap before GC invocations=8 (full 0):
 garbage-first heap   total 131072K, used 92939K [0x0000000740000000, 0x0000000740100400, 0x00000007c0000000)
  region size 1024K, 43 young (44032K), 7 survivors (7168K)
 Metaspace       used 33547K, capacity 34953K, committed 35200K, reserved 1081344K
  class space    used 2582K, capacity 2877K, committed 2944K, reserved 1048576K
}
Event: 26.996 GC heap after
{Heap after GC invocations=9 (full 0):
 garbage-first heap   total 131072K, used 69891K [0x0000000740000000, 0x0000000740100400, 0x00000007c0000000)
  region size 1024K, 6 young (6144K), 6 survivors (6144K)
 Metaspace       used 33547K, capacity 34953K, committed 35200K, reserved 1081344K
  class space    used 2582K, capacity 2877K, committed 2944K, reserved 1048576K
}
Event: 29.580 GC heap before
{Heap before GC invocations=9 (full 0):
 garbage-first heap   total 131072K, used 95491K [0x0000000740000000, 0x0000000740100400, 0x00000007c0000000)
  region size 1024K, 31 young (31744K), 6 survivors (6144K)
 Metaspace       used 33592K, capacity 34953K, committed 35200K, reserved 1081344K
  class space    used 2582K, capacity 2877K, committed 2944K, reserved 1048576K
}
Event: 29.582 GC heap after
{Heap after GC invocations=10 (full 0):
 garbage-first heap   total 131072K, used 75520K [0x0000000740000000, 0x0000000740100400, 0x00000007c0000000)
  region size 1024K, 4 young (4096K), 4 survivors (4096K)
 Metaspace       used 33592K, capacity 34953K, committed 35200K, reserved 1081344K
  class space    used 2582K, capacity 2877K, committed 2944K, reserved 1048576K
}
Event: 34.448 GC heap before
{Heap before GC invocations=11 (full 0):
 garbage-first heap   total 131072K, used 99072K [0x0000000740000000, 0x0000000740100400, 0x00000007c0000000)
  region size 1024K, 27 young (27648K), 4 survivors (4096K)
 Metaspace       used 33576K, capacity 34831K, committed 35200K, reserved 1081344K
  class space    used 2563K, capacity 2842K, committed 2944K, reserved 1048576K
}
Event: 34.449 GC heap after
{Heap after GC invocations=12 (full 0):
 garbage-first heap   total 131072K, used 75534K [0x0000000740000000, 0x0000000740100400, 0x00000007c0000000)
  region size 1024K, 1 young (1024K), 1 survivors (1024K)
 Metaspace       used 33576K, capacity 34831K, committed 35200K, reserved 1081344K
  class space    used 2563K, capacity 2842K, committed 2944K, reserved 1048576K
}
Event: 35.512 GC heap before
{Heap before GC invocations=12 (full 0):
 garbage-first heap   total 131072K, used 80654K [0x0000000740000000, 0x0000000740100400, 0x00000007c0000000)
  region size 1024K, 6 young (6144K), 1 survivors (1024K)
 Metaspace       used 33576K, capacity 34831K, committed 35200K, reserved 1081344K
  class space    used 2563K, capacity 2842K, committed 2944K, reserved 1048576K
}
Event: 35.515 GC heap after
{Heap after GC invocations=13 (full 0):
 garbage-first heap   total 131072K, used 72801K [0x0000000740000000, 0x0000000740100400, 0x00000007c0000000)
  region size 1024K, 1 young (1024K), 1 survivors (1024K)
 Metaspace       used 33576K, capacity 34831K, committed 35200K, reserved 1081344K
  class space    used 2563K, capacity 2842K, committed 2944K, reserved 1048576K
}
Event: 36.595 GC heap before
{Heap before GC invocations=13 (full 0):
 garbage-first heap   total 131072K, used 77921K [0x0000000740000000, 0x0000000740100400, 0x00000007c0000000)
  region size 1024K, 6 young (6144K), 1 survivors (1024K)
 Metaspace       used 33576K, capacity 34831K, committed 35200K, reserved 1081344K
  class space    used 2563K, capacity 2842K, committed 2944K, reserved 1048576K
}
Event: 36.598 GC heap after
{Heap after GC invocations=14 (full 0):
 garbage-first heap   total 131072K, used 72464K [0x0000000740000000, 0x0000000740100400, 0x00000007c0000000)
  region size 1024K, 1 young (1024K), 1 survivors (1024K)
 Metaspace       used 33576K, capacity 34831K, committed 35200K, reserved 1081344K
  class space    used 2563K, capacity 2842K, committed 2944K, reserved 1048576K
}

