# JRE version: Java(TM) SE Runtime Environment (9.0+11) (build 9.0.1+11)
# Java VM: Java HotSpot(TM) 64-Bit Server VM (9.0.1+11, mixed mode, tiered, compressed oops, g1 gc, bsd-amd64)
Heap:
 garbage-first heap   total 131072K, used 78852K [0x0000000740000000, 0x0000000740100400, 0x00000007c0000000)
  region size 1024K, 14 young (14336K), 4 survivors (4096K)
 Metaspace       used 34200K, capacity 35495K, committed 35712K, reserved 1081344K
  class space    used 2614K, capacity 2910K, committed 2944K, reserved 1048576K
GC Heap History (10 events):
Event: 21.671 GC heap before
{Heap before GC invocations=8 (full 0):
 garbage-first heap   total 131072K, used 88409K [0x0000000740000000, 0x0000000740100400, 0x00000007c0000000)
  region size 1024K, 60 young (61440K), 5 survivors (5120K)
 Metaspace       used 33750K, capacity 35079K, committed 35200K, reserved 1081344K
  class space    used 2619K, capacity 2902K, committed 2944K, reserved 1048576K
}
Event: 21.675 GC heap after
{Heap after GC invocations=9 (full 0):
 garbage-first heap   total 131072K, used 38698K [0x0000000740000000, 0x0000000740100400, 0x00000007c0000000)
  region size 1024K, 8 young (8192K), 8 survivors (8192K)
 Metaspace       used 33750K, capacity 35079K, committed 35200K, reserved 1081344K
  class space    used 2619K, capacity 2902K, committed 2944K, reserved 1048576K
}
Event: 26.689 GC heap before
{Heap before GC invocations=9 (full 0):
 garbage-first heap   total 131072K, used 91946K [0x0000000740000000, 0x0000000740100400, 0x00000007c0000000)
  region size 1024K, 60 young (61440K), 8 survivors (8192K)
 Metaspace       used 33817K, capacity 35143K, committed 35200K, reserved 1081344K
  class space    used 2619K, capacity 2902K, committed 2944K, reserved 1048576K
}
Event: 26.695 GC heap after
{Heap after GC invocations=10 (full 0):
 garbage-first heap   total 131072K, used 38416K [0x0000000740000000, 0x0000000740100400, 0x00000007c0000000)
  region size 1024K, 1 young (1024K), 1 survivors (1024K)
 Metaspace       used 33817K, capacity 35143K, committed 35200K, reserved 1081344K
  class space    used 2619K, capacity 2902K, committed 2944K, reserved 1048576K
}
Event: 29.757 GC heap before
{Heap before GC invocations=10 (full 0):
 garbage-first heap   total 131072K, used 93712K [0x0000000740000000, 0x0000000740100400, 0x00000007c0000000)
  region size 1024K, 55 young (56320K), 1 survivors (1024K)
 Metaspace       used 33974K, capacity 35335K, committed 35456K, reserved 1081344K
  class space    used 2619K, capacity 2902K, committed 2944K, reserved 1048576K
}
Event: 29.759 GC heap after
{Heap after GC invocations=11 (full 0):
 garbage-first heap   total 131072K, used 46852K [0x0000000740000000, 0x0000000740100400, 0x00000007c0000000)
  region size 1024K, 7 young (7168K), 7 survivors (7168K)
 Metaspace       used 33974K, capacity 35335K, committed 35456K, reserved 1081344K
  class space    used 2619K, capacity 2902K, committed 2944K, reserved 1048576K
}
Event: 30.780 GC heap before
{Heap before GC invocations=11 (full 0):
 garbage-first heap   total 131072K, used 98052K [0x0000000740000000, 0x0000000740100400, 0x00000007c0000000)
  region size 1024K, 57 young (58368K), 7 survivors (7168K)
 Metaspace       used 34182K, capacity 35463K, committed 35712K, reserved 1081344K
  class space    used 2620K, capacity 2902K, committed 2944K, reserved 1048576K
}
Event: 30.789 GC heap after
{Heap after GC invocations=12 (full 0):
 garbage-first heap   total 131072K, used 67334K [0x0000000740000000, 0x0000000740100400, 0x00000007c0000000)
  region size 1024K, 8 young (8192K), 8 survivors (8192K)
 Metaspace       used 34182K, capacity 35463K, committed 35712K, reserved 1081344K
  class space    used 2620K, capacity 2902K, committed 2944K, reserved 1048576K
}
Event: 32.691 GC heap before
{Heap before GC invocations=12 (full 0):
 garbage-first heap   total 131072K, used 100102K [0x0000000740000000, 0x0000000740100400, 0x00000007c0000000)
  region size 1024K, 40 young (40960K), 8 survivors (8192K)
 Metaspace       used 34215K, capacity 35527K, committed 35712K, reserved 1081344K
  class space    used 2620K, capacity 2902K, committed 2944K, reserved 1048576K
}
Event: 32.693 GC heap after
{Heap after GC invocations=13 (full 0):
 garbage-first heap   total 131072K, used 70660K [0x0000000740000000, 0x0000000740100400, 0x00000007c0000000)
  region size 1024K, 4 young (4096K), 4 survivors (4096K)
 Metaspace       used 34215K, capacity 35527K, committed 35712K, reserved 1081344K
  class space    used 2620K, capacity 2902K, committed 2944K, reserved 1048576K
}

