# JRE version: Java(TM) SE Runtime Environment (9.0+11) (build 9.0.1+11)
# Java VM: Java HotSpot(TM) 64-Bit Server VM (9.0.1+11, mixed mode, tiered, compressed oops, g1 gc, bsd-amd64)
Heap:
 garbage-first heap   total 131072K, used 66326K [0x0000000740000000, 0x0000000740100400, 0x00000007c0000000)
  region size 1024K, 41 young (41984K), 5 survivors (5120K)
 Metaspace       used 25048K, capacity 26173K, committed 26496K, reserved 1073152K
  class space    used 2345K, capacity 2565K, committed 2688K, reserved 1048576K
GC Heap History (10 events):
Event: 3.718 GC heap before
{Heap before GC invocations=0 (full 0):
 garbage-first heap   total 131072K, used 25600K [0x0000000740000000, 0x0000000740100400, 0x00000007c0000000)
  region size 1024K, 24 young (24576K), 0 survivors (0K)
 Metaspace       used 17863K, capacity 18913K, committed 19072K, reserved 1067008K
  class space    used 1807K, capacity 2057K, committed 2176K, reserved 1048576K
}
Event: 3.727 GC heap after
{Heap after GC invocations=1 (full 0):
 garbage-first heap   total 131072K, used 6793K [0x0000000740000000, 0x0000000740100400, 0x00000007c0000000)
  region size 1024K, 3 young (3072K), 3 survivors (3072K)
 Metaspace       used 17863K, capacity 18913K, committed 19072K, reserved 1067008K
  class space    used 1807K, capacity 2057K, committed 2176K, reserved 1048576K
}
Event: 3.833 GC heap before
{Heap before GC invocations=1 (full 0):
 garbage-first heap   total 131072K, used 8841K [0x0000000740000000, 0x0000000740100400, 0x00000007c0000000)
  region size 1024K, 6 young (6144K), 3 survivors (3072K)
 Metaspace       used 20168K, capacity 21169K, committed 21296K, reserved 1069056K
  class space    used 1894K, capacity 2146K, committed 2176K, reserved 1048576K
}
Event: 3.837 GC heap after
{Heap after GC invocations=2 (full 0):
 garbage-first heap   total 131072K, used 6132K [0x0000000740000000, 0x0000000740100400, 0x00000007c0000000)
  region size 1024K, 4 young (4096K), 4 survivors (4096K)
 Metaspace       used 20168K, capacity 21169K, committed 21296K, reserved 1069056K
  class space    used 1894K, capacity 2146K, committed 2176K, reserved 1048576K
}
Event: 5.369 GC heap before
{Heap before GC invocations=3 (full 0):
 garbage-first heap   total 131072K, used 35179K [0x0000000740000000, 0x0000000740100400, 0x00000007c0000000)
  region size 1024K, 30 young (30720K), 4 survivors (4096K)
 Metaspace       used 24131K, capacity 25269K, committed 25472K, reserved 1073152K
  class space    used 2331K, capacity 2563K, committed 2688K, reserved 1048576K
}
Event: 5.386 GC heap after
{Heap after GC invocations=4 (full 0):
 garbage-first heap   total 131072K, used 17559K [0x0000000740000000, 0x0000000740100400, 0x00000007c0000000)
  region size 1024K, 4 young (4096K), 4 survivors (4096K)
 Metaspace       used 24131K, capacity 25269K, committed 25472K, reserved 1073152K
  class space    used 2331K, capacity 2563K, committed 2688K, reserved 1048576K
}
Event: 5.894 GC heap before
{Heap before GC invocations=4 (full 0):
 garbage-first heap   total 131072K, used 77975K [0x0000000740000000, 0x0000000740100400, 0x00000007c0000000)
  region size 1024K, 63 young (64512K), 4 survivors (4096K)
 Metaspace       used 24285K, capacity 25403K, committed 25728K, reserved 1073152K
  class space    used 2332K, capacity 2564K, committed 2688K, reserved 1048576K
}
Event: 5.903 GC heap after
{Heap after GC invocations=5 (full 0):
 garbage-first heap   total 131072K, used 28928K [0x0000000740000000, 0x0000000740100400, 0x00000007c0000000)
  region size 1024K, 8 young (8192K), 8 survivors (8192K)
 Metaspace       used 24285K, capacity 25403K, committed 25728K, reserved 1073152K
  class space    used 2332K, capacity 2564K, committed 2688K, reserved 1048576K
}
Event: 10.690 GC heap before
{Heap before GC invocations=5 (full 0):
 garbage-first heap   total 131072K, used 78080K [0x0000000740000000, 0x0000000740100400, 0x00000007c0000000)
  region size 1024K, 56 young (57344K), 8 survivors (8192K)
 Metaspace       used 24862K, capacity 25979K, committed 26240K, reserved 1073152K
  class space    used 2337K, capacity 2564K, committed 2688K, reserved 1048576K
}
Event: 10.694 GC heap after
{Heap after GC invocations=6 (full 0):
 garbage-first heap   total 131072K, used 30486K [0x0000000740000000, 0x0000000740100400, 0x00000007c0000000)
  region size 1024K, 5 young (5120K), 5 survivors (5120K)
 Metaspace       used 24862K, capacity 25979K, committed 26240K, reserved 1073152K
  class space    used 2337K, capacity 2564K, committed 2688K, reserved 1048576K
}

