# JRE version: Java(TM) SE Runtime Environment (9.0+11) (build 9.0.1+11)
# Java VM: Java HotSpot(TM) 64-Bit Server VM (9.0.1+11, mixed mode, tiered, compressed oops, g1 gc, bsd-amd64)
Heap:
 garbage-first heap   total 131072K, used 50217K [0x0000000740000000, 0x0000000740100400, 0x00000007c0000000)
  region size 1024K, 37 young (37888K), 4 survivors (4096K)
 Metaspace       used 30082K, capacity 31315K, committed 31616K, reserved 1077248K
  class space    used 2861K, capacity 3133K, committed 3200K, reserved 1048576K
GC Heap History (6 events):
Event: 5.354 GC heap before
{Heap before GC invocations=0 (full 0):
 garbage-first heap   total 131072K, used 25600K [0x0000000740000000, 0x0000000740100400, 0x00000007c0000000)
  region size 1024K, 24 young (24576K), 0 survivors (0K)
 Metaspace       used 17869K, capacity 18913K, committed 19072K, reserved 1067008K
  class space    used 1815K, capacity 2057K, committed 2176K, reserved 1048576K
}
Event: 5.370 GC heap after
{Heap after GC invocations=1 (full 0):
 garbage-first heap   total 131072K, used 6793K [0x0000000740000000, 0x0000000740100400, 0x00000007c0000000)
  region size 1024K, 3 young (3072K), 3 survivors (3072K)
 Metaspace       used 17869K, capacity 18913K, committed 19072K, reserved 1067008K
  class space    used 1815K, capacity 2057K, committed 2176K, reserved 1048576K
}
Event: 5.476 GC heap before
{Heap before GC invocations=1 (full 0):
 garbage-first heap   total 131072K, used 8841K [0x0000000740000000, 0x0000000740100400, 0x00000007c0000000)
  region size 1024K, 6 young (6144K), 3 survivors (3072K)
 Metaspace       used 20177K, capacity 21169K, committed 21296K, reserved 1069056K
  class space    used 1908K, capacity 2146K, committed 2176K, reserved 1048576K
}
Event: 5.482 GC heap after
{Heap after GC invocations=2 (full 0):
 garbage-first heap   total 131072K, used 6181K [0x0000000740000000, 0x0000000740100400, 0x00000007c0000000)
  region size 1024K, 4 young (4096K), 4 survivors (4096K)
 Metaspace       used 20177K, capacity 21169K, committed 21296K, reserved 1069056K
  class space    used 1908K, capacity 2146K, committed 2176K, reserved 1048576K
}
Event: 7.242 GC heap before
{Heap before GC invocations=3 (full 0):
 garbage-first heap   total 131072K, used 37276K [0x0000000740000000, 0x0000000740100400, 0x00000007c0000000)
  region size 1024K, 29 young (29696K), 4 survivors (4096K)
 Metaspace       used 29177K, capacity 30435K, committed 30592K, reserved 1077248K
  class space    used 2839K, capacity 3099K, committed 3200K, reserved 1048576K
}
Event: 7.257 GC heap after
{Heap after GC invocations=4 (full 0):
 garbage-first heap   total 131072K, used 17449K [0x0000000740000000, 0x0000000740100400, 0x00000007c0000000)
  region size 1024K, 4 young (4096K), 4 survivors (4096K)
 Metaspace       used 29177K, capacity 30435K, committed 30592K, reserved 1077248K
  class space    used 2839K, capacity 3099K, committed 3200K, reserved 1048576K
}

