# JRE version: Java(TM) SE Runtime Environment (9.0+11) (build 9.0.1+11)
# Java VM: Java HotSpot(TM) 64-Bit Server VM (9.0.1+11, mixed mode, tiered, compressed oops, g1 gc, bsd-amd64)
Heap:
 garbage-first heap   total 131072K, used 82690K [0x0000000740000000, 0x0000000740100400, 0x00000007c0000000)
  region size 1024K, 10 young (10240K), 4 survivors (4096K)
 Metaspace       used 33491K, capacity 34767K, committed 35200K, reserved 1081344K
  class space    used 2573K, capacity 2842K, committed 2944K, reserved 1048576K
GC Heap History (10 events):
Event: 15.194 GC heap before
{Heap before GC invocations=5 (full 0):
 garbage-first heap   total 131072K, used 74468K [0x0000000740000000, 0x0000000740100400, 0x00000007c0000000)
  region size 1024K, 51 young (52224K), 7 survivors (7168K)
 Metaspace       used 32859K, capacity 34161K, committed 34432K, reserved 1081344K
  class space    used 2583K, capacity 2873K, committed 2944K, reserved 1048576K
}
Event: 15.198 GC heap after
{Heap after GC invocations=6 (full 0):
 garbage-first heap   total 131072K, used 33945K [0x0000000740000000, 0x0000000740100400, 0x00000007c0000000)
  region size 1024K, 5 young (5120K), 5 survivors (5120K)
 Metaspace       used 32859K, capacity 34161K, committed 34432K, reserved 1081344K
  class space    used 2583K, capacity 2873K, committed 2944K, reserved 1048576K
}
Event: 15.428 GC heap before
{Heap before GC invocations=6 (full 0):
 garbage-first heap   total 131072K, used 79001K [0x0000000740000000, 0x0000000740100400, 0x00000007c0000000)
  region size 1024K, 49 young (50176K), 5 survivors (5120K)
 Metaspace       used 33010K, capacity 34353K, committed 34432K, reserved 1081344K
  class space    used 2583K, capacity 2873K, committed 2944K, reserved 1048576K
}
Event: 15.433 GC heap after
{Heap after GC invocations=7 (full 0):
 garbage-first heap   total 131072K, used 41728K [0x0000000740000000, 0x0000000740100400, 0x00000007c0000000)
  region size 1024K, 7 young (7168K), 7 survivors (7168K)
 Metaspace       used 33010K, capacity 34353K, committed 34432K, reserved 1081344K
  class space    used 2583K, capacity 2873K, committed 2944K, reserved 1048576K
}
Event: 17.035 GC heap before
{Heap before GC invocations=7 (full 0):
 garbage-first heap   total 131072K, used 85760K [0x0000000740000000, 0x0000000740100400, 0x00000007c0000000)
  region size 1024K, 50 young (51200K), 7 survivors (7168K)
 Metaspace       used 33311K, capacity 34673K, committed 34944K, reserved 1081344K
  class space    used 2583K, capacity 2873K, committed 2944K, reserved 1048576K
}
Event: 17.043 GC heap after
{Heap after GC invocations=8 (full 0):
 garbage-first heap   total 131072K, used 57094K [0x0000000740000000, 0x0000000740100400, 0x00000007c0000000)
  region size 1024K, 7 young (7168K), 7 survivors (7168K)
 Metaspace       used 33311K, capacity 34673K, committed 34944K, reserved 1081344K
  class space    used 2583K, capacity 2873K, committed 2944K, reserved 1048576K
}
Event: 17.515 GC heap before
{Heap before GC invocations=8 (full 0):
 garbage-first heap   total 131072K, used 88838K [0x0000000740000000, 0x0000000740100400, 0x00000007c0000000)
  region size 1024K, 38 young (38912K), 7 survivors (7168K)
 Metaspace       used 33435K, capacity 34737K, committed 34944K, reserved 1081344K
  class space    used 2583K, capacity 2873K, committed 2944K, reserved 1048576K
}
Event: 17.523 GC heap after
{Heap after GC invocations=9 (full 0):
 garbage-first heap   total 131072K, used 71430K [0x0000000740000000, 0x0000000740100400, 0x00000007c0000000)
  region size 1024K, 5 young (5120K), 5 survivors (5120K)
 Metaspace       used 33435K, capacity 34737K, committed 34944K, reserved 1081344K
  class space    used 2583K, capacity 2873K, committed 2944K, reserved 1048576K
}
Event: 19.328 GC heap before
{Heap before GC invocations=9 (full 0):
 garbage-first heap   total 131072K, used 94982K [0x0000000740000000, 0x0000000740100400, 0x00000007c0000000)
  region size 1024K, 28 young (28672K), 5 survivors (5120K)
 Metaspace       used 33486K, capacity 34865K, committed 34944K, reserved 1081344K
  class space    used 2583K, capacity 2873K, committed 2944K, reserved 1048576K
}
Event: 19.332 GC heap after
{Heap after GC invocations=10 (full 0):
 garbage-first heap   total 131072K, used 77570K [0x0000000740000000, 0x0000000740100400, 0x00000007c0000000)
  region size 1024K, 4 young (4096K), 4 survivors (4096K)
 Metaspace       used 33486K, capacity 34865K, committed 34944K, reserved 1081344K
  class space    used 2583K, capacity 2873K, committed 2944K, reserved 1048576K
}

