# JRE version: Java(TM) SE Runtime Environment (9.0+11) (build 9.0.1+11)
# Java VM: Java HotSpot(TM) 64-Bit Server VM (9.0.1+11, mixed mode, tiered, compressed oops, g1 gc, bsd-amd64)
Heap:
 garbage-first heap   total 131072K, used 77824K [0x0000000740000000, 0x0000000740100400, 0x00000007c0000000)
  region size 1024K, 24 young (24576K), 5 survivors (5120K)
 Metaspace       used 24577K, capacity 25723K, committed 25984K, reserved 1073152K
  class space    used 2359K, capacity 2608K, committed 2688K, reserved 1048576K
GC Heap History (10 events):
Event: 3.572 GC heap before
{Heap before GC invocations=1 (full 0):
 garbage-first heap   total 131072K, used 8827K [0x0000000740000000, 0x0000000740100400, 0x00000007c0000000)
  region size 1024K, 6 young (6144K), 3 survivors (3072K)
 Metaspace       used 20144K, capacity 21169K, committed 21296K, reserved 1069056K
  class space    used 1896K, capacity 2146K, committed 2176K, reserved 1048576K
}
Event: 3.576 GC heap after
{Heap after GC invocations=2 (full 0):
 garbage-first heap   total 131072K, used 6175K [0x0000000740000000, 0x0000000740100400, 0x00000007c0000000)
  region size 1024K, 4 young (4096K), 4 survivors (4096K)
 Metaspace       used 20144K, capacity 21169K, committed 21296K, reserved 1069056K
  class space    used 1896K, capacity 2146K, committed 2176K, reserved 1048576K
}
Event: 4.869 GC heap before
{Heap before GC invocations=3 (full 0):
 garbage-first heap   total 131072K, used 36259K [0x0000000740000000, 0x0000000740100400, 0x00000007c0000000)
  region size 1024K, 34 young (34816K), 4 survivors (4096K)
 Metaspace       used 22894K, capacity 23957K, committed 24320K, reserved 1071104K
  class space    used 2215K, capacity 2454K, committed 2560K, reserved 1048576K
}
Event: 4.883 GC heap after
{Heap after GC invocations=4 (full 0):
 garbage-first heap   total 131072K, used 12213K [0x0000000740000000, 0x0000000740100400, 0x00000007c0000000)
  region size 1024K, 5 young (5120K), 5 survivors (5120K)
 Metaspace       used 22894K, capacity 23957K, committed 24320K, reserved 1071104K
  class space    used 2215K, capacity 2454K, committed 2560K, reserved 1048576K
}
Event: 5.265 GC heap before
{Heap before GC invocations=4 (full 0):
 garbage-first heap   total 131072K, used 77749K [0x0000000740000000, 0x0000000740100400, 0x00000007c0000000)
  region size 1024K, 69 young (70656K), 5 survivors (5120K)
 Metaspace       used 22946K, capacity 24021K, committed 24320K, reserved 1071104K
  class space    used 2219K, capacity 2454K, committed 2560K, reserved 1048576K
}
Event: 5.295 GC heap after
{Heap after GC invocations=5 (full 0):
 garbage-first heap   total 131072K, used 36844K [0x0000000740000000, 0x0000000740100400, 0x00000007c0000000)
  region size 1024K, 9 young (9216K), 9 survivors (9216K)
 Metaspace       used 22946K, capacity 24021K, committed 24320K, reserved 1071104K
  class space    used 2219K, capacity 2454K, committed 2560K, reserved 1048576K
}
Event: 18.836 GC heap before
{Heap before GC invocations=5 (full 0):
 garbage-first heap   total 131072K, used 56300K [0x0000000740000000, 0x0000000740100400, 0x00000007c0000000)
  region size 1024K, 28 young (28672K), 9 survivors (9216K)
 Metaspace       used 23015K, capacity 24085K, committed 24320K, reserved 1071104K
  class space    used 2221K, capacity 2454K, committed 2560K, reserved 1048576K
}
Event: 18.860 GC heap after
{Heap after GC invocations=6 (full 0):
 garbage-first heap   total 131072K, used 42780K [0x0000000740000000, 0x0000000740100400, 0x00000007c0000000)
  region size 1024K, 4 young (4096K), 4 survivors (4096K)
 Metaspace       used 23015K, capacity 24085K, committed 24320K, reserved 1071104K
  class space    used 2221K, capacity 2454K, committed 2560K, reserved 1048576K
}
Event: 19.874 GC heap before
{Heap before GC invocations=6 (full 0):
 garbage-first heap   total 131072K, used 79644K [0x0000000740000000, 0x0000000740100400, 0x00000007c0000000)
  region size 1024K, 36 young (36864K), 4 survivors (4096K)
 Metaspace       used 24048K, capacity 25121K, committed 25344K, reserved 1073152K
  class space    used 2313K, capacity 2559K, committed 2560K, reserved 1048576K
}
Event: 19.893 GC heap after
{Heap after GC invocations=7 (full 0):
 garbage-first heap   total 131072K, used 53248K [0x0000000740000000, 0x0000000740100400, 0x00000007c0000000)
  region size 1024K, 5 young (5120K), 5 survivors (5120K)
 Metaspace       used 24048K, capacity 25121K, committed 25344K, reserved 1073152K
  class space    used 2313K, capacity 2559K, committed 2560K, reserved 1048576K
}

