# JRE version: Java(TM) SE Runtime Environment (9.0+11) (build 9.0.1+11)
# Java VM: Java HotSpot(TM) 64-Bit Server VM (9.0.1+11, mixed mode, tiered, compressed oops, g1 gc, bsd-amd64)
Heap:
 garbage-first heap   total 131072K, used 74970K [0x0000000740000000, 0x0000000740100400, 0x00000007c0000000)
  region size 1024K, 49 young (50176K), 5 survivors (5120K)
 Metaspace       used 33449K, capacity 34809K, committed 34944K, reserved 1081344K
  class space    used 2620K, capacity 2901K, committed 2944K, reserved 1048576K
GC Heap History (10 events):
Event: 5.199 GC heap before
{Heap before GC invocations=0 (full 0):
 garbage-first heap   total 131072K, used 25600K [0x0000000740000000, 0x0000000740100400, 0x00000007c0000000)
  region size 1024K, 24 young (24576K), 0 survivors (0K)
 Metaspace       used 17763K, capacity 18819K, committed 18944K, reserved 1067008K
  class space    used 1809K, capacity 2026K, committed 2048K, reserved 1048576K
}
Event: 5.207 GC heap after
{Heap after GC invocations=1 (full 0):
 garbage-first heap   total 131072K, used 6644K [0x0000000740000000, 0x0000000740100400, 0x00000007c0000000)
  region size 1024K, 3 young (3072K), 3 survivors (3072K)
 Metaspace       used 17763K, capacity 18819K, committed 18944K, reserved 1067008K
  class space    used 1809K, capacity 2026K, committed 2048K, reserved 1048576K
}
Event: 5.323 GC heap before
{Heap before GC invocations=1 (full 0):
 garbage-first heap   total 131072K, used 8692K [0x0000000740000000, 0x0000000740100400, 0x00000007c0000000)
  region size 1024K, 6 young (6144K), 3 survivors (3072K)
 Metaspace       used 20178K, capacity 21139K, committed 21296K, reserved 1069056K
  class space    used 1906K, capacity 2115K, committed 2176K, reserved 1048576K
}
Event: 5.328 GC heap after
{Heap after GC invocations=2 (full 0):
 garbage-first heap   total 131072K, used 6162K [0x0000000740000000, 0x0000000740100400, 0x00000007c0000000)
  region size 1024K, 4 young (4096K), 4 survivors (4096K)
 Metaspace       used 20178K, capacity 21139K, committed 21296K, reserved 1069056K
  class space    used 1906K, capacity 2115K, committed 2176K, reserved 1048576K
}
Event: 7.136 GC heap before
{Heap before GC invocations=3 (full 0):
 garbage-first heap   total 131072K, used 51742K [0x0000000740000000, 0x0000000740100400, 0x00000007c0000000)
  region size 1024K, 29 young (29696K), 4 survivors (4096K)
 Metaspace       used 30846K, capacity 32138K, committed 32256K, reserved 1079296K
  class space    used 2500K, capacity 2794K, committed 2816K, reserved 1048576K
}
Event: 7.152 GC heap after
{Heap after GC invocations=4 (full 0):
 garbage-first heap   total 131072K, used 19597K [0x0000000740000000, 0x0000000740100400, 0x00000007c0000000)
  region size 1024K, 4 young (4096K), 4 survivors (4096K)
 Metaspace       used 30846K, capacity 32138K, committed 32256K, reserved 1079296K
  class space    used 2500K, capacity 2794K, committed 2816K, reserved 1048576K
}
Event: 10.408 GC heap before
{Heap before GC invocations=4 (full 0):
 garbage-first heap   total 131072K, used 76941K [0x0000000740000000, 0x0000000740100400, 0x00000007c0000000)
  region size 1024K, 60 young (61440K), 4 survivors (4096K)
 Metaspace       used 32899K, capacity 34227K, committed 34432K, reserved 1081344K
  class space    used 2614K, capacity 2900K, committed 2944K, reserved 1048576K
}
Event: 10.417 GC heap after
{Heap after GC invocations=5 (full 0):
 garbage-first heap   total 131072K, used 26969K [0x0000000740000000, 0x0000000740100400, 0x00000007c0000000)
  region size 1024K, 8 young (8192K), 8 survivors (8192K)
 Metaspace       used 32899K, capacity 34227K, committed 34432K, reserved 1081344K
  class space    used 2614K, capacity 2900K, committed 2944K, reserved 1048576K
}
Event: 12.977 GC heap before
{Heap before GC invocations=5 (full 0):
 garbage-first heap   total 131072K, used 75097K [0x0000000740000000, 0x0000000740100400, 0x00000007c0000000)
  region size 1024K, 55 young (56320K), 8 survivors (8192K)
 Metaspace       used 33218K, capacity 34547K, committed 34688K, reserved 1081344K
  class space    used 2614K, capacity 2900K, committed 2944K, reserved 1048576K
}
Event: 12.982 GC heap after
{Heap after GC invocations=6 (full 0):
 garbage-first heap   total 131072K, used 30938K [0x0000000740000000, 0x0000000740100400, 0x00000007c0000000)
  region size 1024K, 5 young (5120K), 5 survivors (5120K)
 Metaspace       used 33218K, capacity 34547K, committed 34688K, reserved 1081344K
  class space    used 2614K, capacity 2900K, committed 2944K, reserved 1048576K
}

