# JRE version: Java(TM) SE Runtime Environment (9.0+11) (build 9.0.1+11)
# Java VM: Java HotSpot(TM) 64-Bit Server VM (9.0.1+11, mixed mode, tiered, compressed oops, g1 gc, bsd-amd64)
Heap:
 garbage-first heap   total 131072K, used 69382K [0x0000000740000000, 0x0000000740100400, 0x00000007c0000000)
  region size 1024K, 43 young (44032K), 4 survivors (4096K)
 Metaspace       used 25084K, capacity 26185K, committed 26496K, reserved 1073152K
  class space    used 2344K, capacity 2567K, committed 2688K, reserved 1048576K
GC Heap History (10 events):
Event: 3.336 GC heap before
{Heap before GC invocations=0 (full 0):
 garbage-first heap   total 131072K, used 25600K [0x0000000740000000, 0x0000000740100400, 0x00000007c0000000)
  region size 1024K, 24 young (24576K), 0 survivors (0K)
 Metaspace       used 17850K, capacity 18913K, committed 19072K, reserved 1067008K
  class space    used 1807K, capacity 2057K, committed 2176K, reserved 1048576K
}
Event: 3.344 GC heap after
{Heap after GC invocations=1 (full 0):
 garbage-first heap   total 131072K, used 6784K [0x0000000740000000, 0x0000000740100400, 0x00000007c0000000)
  region size 1024K, 3 young (3072K), 3 survivors (3072K)
 Metaspace       used 17850K, capacity 18913K, committed 19072K, reserved 1067008K
  class space    used 1807K, capacity 2057K, committed 2176K, reserved 1048576K
}
Event: 3.449 GC heap before
{Heap before GC invocations=1 (full 0):
 garbage-first heap   total 131072K, used 8832K [0x0000000740000000, 0x0000000740100400, 0x00000007c0000000)
  region size 1024K, 6 young (6144K), 3 survivors (3072K)
 Metaspace       used 20153K, capacity 21169K, committed 21296K, reserved 1069056K
  class space    used 1894K, capacity 2146K, committed 2176K, reserved 1048576K
}
Event: 3.456 GC heap after
{Heap after GC invocations=2 (full 0):
 garbage-first heap   total 131072K, used 6397K [0x0000000740000000, 0x0000000740100400, 0x00000007c0000000)
  region size 1024K, 1 young (1024K), 1 survivors (1024K)
 Metaspace       used 20153K, capacity 21169K, committed 21296K, reserved 1069056K
  class space    used 1894K, capacity 2146K, committed 2176K, reserved 1048576K
}
Event: 4.929 GC heap before
{Heap before GC invocations=3 (full 0):
 garbage-first heap   total 131072K, used 45309K [0x0000000740000000, 0x0000000740100400, 0x00000007c0000000)
  region size 1024K, 35 young (35840K), 1 survivors (1024K)
 Metaspace       used 24178K, capacity 25283K, committed 25472K, reserved 1073152K
  class space    used 2335K, capacity 2566K, committed 2688K, reserved 1048576K
}
Event: 4.938 GC heap after
{Heap after GC invocations=4 (full 0):
 garbage-first heap   total 131072K, used 19230K [0x0000000740000000, 0x0000000740100400, 0x00000007c0000000)
  region size 1024K, 5 young (5120K), 5 survivors (5120K)
 Metaspace       used 24178K, capacity 25283K, committed 25472K, reserved 1073152K
  class space    used 2335K, capacity 2566K, committed 2688K, reserved 1048576K
}
Event: 5.232 GC heap before
{Heap before GC invocations=4 (full 0):
 garbage-first heap   total 131072K, used 70430K [0x0000000740000000, 0x0000000740100400, 0x00000007c0000000)
  region size 1024K, 56 young (57344K), 5 survivors (5120K)
 Metaspace       used 24281K, capacity 25417K, committed 25728K, reserved 1073152K
  class space    used 2335K, capacity 2567K, committed 2688K, reserved 1048576K
}
Event: 5.243 GC heap after
{Heap after GC invocations=5 (full 0):
 garbage-first heap   total 131072K, used 30073K [0x0000000740000000, 0x0000000740100400, 0x00000007c0000000)
  region size 1024K, 7 young (7168K), 7 survivors (7168K)
 Metaspace       used 24281K, capacity 25417K, committed 25728K, reserved 1073152K
  class space    used 2335K, capacity 2567K, committed 2688K, reserved 1048576K
}
Event: 9.965 GC heap before
{Heap before GC invocations=5 (full 0):
 garbage-first heap   total 131072K, used 75129K [0x0000000740000000, 0x0000000740100400, 0x00000007c0000000)
  region size 1024K, 51 young (52224K), 7 survivors (7168K)
 Metaspace       used 24892K, capacity 25993K, committed 26240K, reserved 1073152K
  class space    used 2340K, capacity 2567K, committed 2688K, reserved 1048576K
}
Event: 9.970 GC heap after
{Heap after GC invocations=6 (full 0):
 garbage-first heap   total 131072K, used 30470K [0x0000000740000000, 0x0000000740100400, 0x00000007c0000000)
  region size 1024K, 4 young (4096K), 4 survivors (4096K)
 Metaspace       used 24892K, capacity 25993K, committed 26240K, reserved 1073152K
  class space    used 2340K, capacity 2567K, committed 2688K, reserved 1048576K
}

