# JRE version: Java(TM) SE Runtime Environment (9.0+11) (build 9.0.1+11)
# Java VM: Java HotSpot(TM) 64-Bit Server VM (9.0.1+11, mixed mode, tiered, compressed oops, g1 gc, bsd-amd64)
Heap:
 garbage-first heap   total 157696K, used 107113K [0x0000000740000000, 0x00000007401004d0, 0x00000007c0000000)
  region size 1024K, 58 young (59392K), 3 survivors (3072K)
 Metaspace       used 25405K, capacity 26533K, committed 26752K, reserved 1073152K
  class space    used 2361K, capacity 2597K, committed 2688K, reserved 1048576K
GC Heap History (10 events):
Event: 13.070 GC heap before
{Heap before GC invocations=14 (full 0):
 garbage-first heap   total 157696K, used 103017K [0x0000000740000000, 0x00000007401004d0, 0x00000007c0000000)
  region size 1024K, 53 young (54272K), 3 survivors (3072K)
 Metaspace       used 25188K, capacity 26277K, committed 26496K, reserved 1073152K
  class space    used 2353K, capacity 2597K, committed 2688K, reserved 1048576K
}
Event: 13.071 GC heap after
{Heap after GC invocations=15 (full 0):
 garbage-first heap   total 157696K, used 51826K [0x0000000740000000, 0x00000007401004d0, 0x00000007c0000000)
  region size 1024K, 3 young (3072K), 3 survivors (3072K)
 Metaspace       used 25188K, capacity 26277K, committed 26496K, reserved 1073152K
  class space    used 2353K, capacity 2597K, committed 2688K, reserved 1048576K
}
Event: 14.815 GC heap before
{Heap before GC invocations=15 (full 0):
 garbage-first heap   total 157696K, used 106098K [0x0000000740000000, 0x00000007401004d0, 0x00000007c0000000)
  region size 1024K, 56 young (57344K), 3 survivors (3072K)
 Metaspace       used 25198K, capacity 26277K, committed 26496K, reserved 1073152K
  class space    used 2353K, capacity 2597K, committed 2688K, reserved 1048576K
}
Event: 14.816 GC heap after
{Heap after GC invocations=16 (full 0):
 garbage-first heap   total 157696K, used 51823K [0x0000000740000000, 0x00000007401004d0, 0x00000007c0000000)
  region size 1024K, 3 young (3072K), 3 survivors (3072K)
 Metaspace       used 25198K, capacity 26277K, committed 26496K, reserved 1073152K
  class space    used 2353K, capacity 2597K, committed 2688K, reserved 1048576K
}
Event: 16.762 GC heap before
{Heap before GC invocations=16 (full 0):
 garbage-first heap   total 157696K, used 109167K [0x0000000740000000, 0x00000007401004d0, 0x00000007c0000000)
  region size 1024K, 59 young (60416K), 3 survivors (3072K)
 Metaspace       used 25267K, capacity 26341K, committed 26496K, reserved 1073152K
  class space    used 2353K, capacity 2597K, committed 2688K, reserved 1048576K
}
Event: 16.763 GC heap after
{Heap after GC invocations=17 (full 0):
 garbage-first heap   total 157696K, used 51827K [0x0000000740000000, 0x00000007401004d0, 0x00000007c0000000)
  region size 1024K, 3 young (3072K), 3 survivors (3072K)
 Metaspace       used 25267K, capacity 26341K, committed 26496K, reserved 1073152K
  class space    used 2353K, capacity 2597K, committed 2688K, reserved 1048576K
}
Event: 18.715 GC heap before
{Heap before GC invocations=17 (full 0):
 garbage-first heap   total 157696K, used 111219K [0x0000000740000000, 0x00000007401004d0, 0x00000007c0000000)
  region size 1024K, 61 young (62464K), 3 survivors (3072K)
 Metaspace       used 25348K, capacity 26405K, committed 26496K, reserved 1073152K
  class space    used 2353K, capacity 2597K, committed 2688K, reserved 1048576K
}
Event: 18.716 GC heap after
{Heap after GC invocations=18 (full 0):
 garbage-first heap   total 157696K, used 51817K [0x0000000740000000, 0x00000007401004d0, 0x00000007c0000000)
  region size 1024K, 3 young (3072K), 3 survivors (3072K)
 Metaspace       used 25348K, capacity 26405K, committed 26496K, reserved 1073152K
  class space    used 2353K, capacity 2597K, committed 2688K, reserved 1048576K
}
Event: 20.869 GC heap before
{Heap before GC invocations=18 (full 0):
 garbage-first heap   total 157696K, used 113257K [0x0000000740000000, 0x00000007401004d0, 0x00000007c0000000)
  region size 1024K, 63 young (64512K), 3 survivors (3072K)
 Metaspace       used 25363K, capacity 26533K, committed 26752K, reserved 1073152K
  class space    used 2353K, capacity 2597K, committed 2688K, reserved 1048576K
}
Event: 20.870 GC heap after
{Heap after GC invocations=19 (full 0):
 garbage-first heap   total 157696K, used 51817K [0x0000000740000000, 0x00000007401004d0, 0x00000007c0000000)
  region size 1024K, 3 young (3072K), 3 survivors (3072K)
 Metaspace       used 25363K, capacity 26533K, committed 26752K, reserved 1073152K
  class space    used 2353K, capacity 2597K, committed 2688K, reserved 1048576K
}

