# JRE version: Java(TM) SE Runtime Environment (9.0+11) (build 9.0.1+11)
# Java VM: Java HotSpot(TM) 64-Bit Server VM (9.0.1+11, mixed mode, tiered, compressed oops, g1 gc, bsd-amd64)
Heap:
 garbage-first heap   total 131072K, used 60819K [0x0000000740000000, 0x0000000740100400, 0x00000007c0000000)
  region size 1024K, 31 young (31744K), 1 survivors (1024K)
 Metaspace       used 33484K, capacity 34801K, committed 34944K, reserved 1081344K
  class space    used 2631K, capacity 2937K, committed 2944K, reserved 1048576K
GC Heap History (10 events):
Event: 4.841 GC heap before
{Heap before GC invocations=1 (full 0):
 garbage-first heap   total 131072K, used 8784K [0x0000000740000000, 0x0000000740100400, 0x00000007c0000000)
  region size 1024K, 6 young (6144K), 3 survivors (3072K)
 Metaspace       used 20112K, capacity 21139K, committed 21296K, reserved 1069056K
  class space    used 1893K, capacity 2115K, committed 2176K, reserved 1048576K
}
Event: 4.846 GC heap after
{Heap after GC invocations=2 (full 0):
 garbage-first heap   total 131072K, used 6243K [0x0000000740000000, 0x0000000740100400, 0x00000007c0000000)
  region size 1024K, 4 young (4096K), 4 survivors (4096K)
 Metaspace       used 20112K, capacity 21139K, committed 21296K, reserved 1069056K
  class space    used 1893K, capacity 2115K, committed 2176K, reserved 1048576K
}
Event: 6.685 GC heap before
{Heap before GC invocations=3 (full 0):
 garbage-first heap   total 131072K, used 52754K [0x0000000740000000, 0x0000000740100400, 0x00000007c0000000)
  region size 1024K, 30 young (30720K), 4 survivors (4096K)
 Metaspace       used 30917K, capacity 32226K, committed 32256K, reserved 1079296K
  class space    used 2508K, capacity 2798K, committed 2816K, reserved 1048576K
}
Event: 6.696 GC heap after
{Heap after GC invocations=4 (full 0):
 garbage-first heap   total 131072K, used 19267K [0x0000000740000000, 0x0000000740100400, 0x00000007c0000000)
  region size 1024K, 4 young (4096K), 4 survivors (4096K)
 Metaspace       used 30917K, capacity 32226K, committed 32256K, reserved 1079296K
  class space    used 2508K, capacity 2798K, committed 2816K, reserved 1048576K
}
Event: 9.432 GC heap before
{Heap before GC invocations=4 (full 0):
 garbage-first heap   total 131072K, used 70467K [0x0000000740000000, 0x0000000740100400, 0x00000007c0000000)
  region size 1024K, 54 young (55296K), 4 survivors (4096K)
 Metaspace       used 32895K, capacity 34257K, committed 34432K, reserved 1081344K
  class space    used 2622K, capacity 2905K, committed 2944K, reserved 1048576K
}
Event: 9.441 GC heap after
{Heap after GC invocations=5 (full 0):
 garbage-first heap   total 131072K, used 26653K [0x0000000740000000, 0x0000000740100400, 0x00000007c0000000)
  region size 1024K, 7 young (7168K), 7 survivors (7168K)
 Metaspace       used 32895K, capacity 34257K, committed 34432K, reserved 1081344K
  class space    used 2622K, capacity 2905K, committed 2944K, reserved 1048576K
}
Event: 11.748 GC heap before
{Heap before GC invocations=5 (full 0):
 garbage-first heap   total 131072K, used 73757K [0x0000000740000000, 0x0000000740100400, 0x00000007c0000000)
  region size 1024K, 53 young (54272K), 7 survivors (7168K)
 Metaspace       used 33245K, capacity 34577K, committed 34688K, reserved 1081344K
  class space    used 2622K, capacity 2905K, committed 2944K, reserved 1048576K
}
Event: 11.751 GC heap after
{Heap after GC invocations=6 (full 0):
 garbage-first heap   total 131072K, used 30874K [0x0000000740000000, 0x0000000740100400, 0x00000007c0000000)
  region size 1024K, 5 young (5120K), 5 survivors (5120K)
 Metaspace       used 33245K, capacity 34577K, committed 34688K, reserved 1081344K
  class space    used 2622K, capacity 2905K, committed 2944K, reserved 1048576K
}
Event: 17.497 GC heap before
{Heap before GC invocations=6 (full 0):
 garbage-first heap   total 131072K, used 77978K [0x0000000740000000, 0x0000000740100400, 0x00000007c0000000)
  region size 1024K, 51 young (52224K), 5 survivors (5120K)
 Metaspace       used 33439K, capacity 34769K, committed 34944K, reserved 1081344K
  class space    used 2622K, capacity 2905K, committed 2944K, reserved 1048576K
}
Event: 17.500 GC heap after
{Heap after GC invocations=7 (full 0):
 garbage-first heap   total 131072K, used 31123K [0x0000000740000000, 0x0000000740100400, 0x00000007c0000000)
  region size 1024K, 1 young (1024K), 1 survivors (1024K)
 Metaspace       used 33439K, capacity 34769K, committed 34944K, reserved 1081344K
  class space    used 2622K, capacity 2905K, committed 2944K, reserved 1048576K
}

