# JRE version: Java(TM) SE Runtime Environment (9.0+11) (build 9.0.1+11)
# Java VM: Java HotSpot(TM) 64-Bit Server VM (9.0.1+11, mixed mode, tiered, compressed oops, g1 gc, bsd-amd64)
Heap:
 garbage-first heap   total 131072K, used 101090K [0x0000000740000000, 0x0000000740100400, 0x00000007c0000000)
  region size 1024K, 25 young (25600K), 3 survivors (3072K)
 Metaspace       used 24646K, capacity 25691K, committed 25984K, reserved 1073152K
  class space    used 2369K, capacity 2596K, committed 2688K, reserved 1048576K
GC Heap History (10 events):
Event: 5.981 GC heap before
{Heap before GC invocations=3 (full 0):
 garbage-first heap   total 131072K, used 78150K [0x0000000740000000, 0x0000000740100400, 0x00000007c0000000)
  region size 1024K, 33 young (33792K), 4 survivors (4096K)
 Metaspace       used 23096K, capacity 24205K, committed 24320K, reserved 1071104K
  class space    used 2244K, capacity 2490K, committed 2560K, reserved 1048576K
}
Event: 5.990 GC heap after
{Heap after GC invocations=4 (full 0):
 garbage-first heap   total 131072K, used 26848K [0x0000000740000000, 0x0000000740100400, 0x00000007c0000000)
  region size 1024K, 5 young (5120K), 5 survivors (5120K)
 Metaspace       used 23096K, capacity 24205K, committed 24320K, reserved 1071104K
  class space    used 2244K, capacity 2490K, committed 2560K, reserved 1048576K
}
Event: 6.434 GC heap before
{Heap before GC invocations=4 (full 0):
 garbage-first heap   total 131072K, used 84192K [0x0000000740000000, 0x0000000740100400, 0x00000007c0000000)
  region size 1024K, 61 young (62464K), 5 survivors (5120K)
 Metaspace       used 23190K, capacity 24269K, committed 24576K, reserved 1071104K
  class space    used 2248K, capacity 2490K, committed 2560K, reserved 1048576K
}
Event: 6.453 GC heap after
{Heap after GC invocations=5 (full 0):
 garbage-first heap   total 131072K, used 42685K [0x0000000740000000, 0x0000000740100400, 0x00000007c0000000)
  region size 1024K, 8 young (8192K), 8 survivors (8192K)
 Metaspace       used 23190K, capacity 24269K, committed 24576K, reserved 1071104K
  class space    used 2248K, capacity 2490K, committed 2560K, reserved 1048576K
}
Event: 6.517 GC heap before
{Heap before GC invocations=5 (full 0):
 garbage-first heap   total 131072K, used 79549K [0x0000000740000000, 0x0000000740100400, 0x00000007c0000000)
  region size 1024K, 44 young (45056K), 8 survivors (8192K)
 Metaspace       used 23192K, capacity 24269K, committed 24576K, reserved 1071104K
  class space    used 2248K, capacity 2490K, committed 2560K, reserved 1048576K
}
Event: 6.536 GC heap after
{Heap after GC invocations=6 (full 0):
 garbage-first heap   total 131072K, used 58047K [0x0000000740000000, 0x0000000740100400, 0x00000007c0000000)
  region size 1024K, 6 young (6144K), 6 survivors (6144K)
 Metaspace       used 23192K, capacity 24269K, committed 24576K, reserved 1071104K
  class space    used 2248K, capacity 2490K, committed 2560K, reserved 1048576K
}
Event: 133.458 GC heap before
{Heap before GC invocations=6 (full 0):
 garbage-first heap   total 131072K, used 86719K [0x0000000740000000, 0x0000000740100400, 0x00000007c0000000)
  region size 1024K, 34 young (34816K), 6 survivors (6144K)
 Metaspace       used 23277K, capacity 24333K, committed 24576K, reserved 1071104K
  class space    used 2250K, capacity 2490K, committed 2560K, reserved 1048576K
}
Event: 133.475 GC heap after
{Heap after GC invocations=7 (full 0):
 garbage-first heap   total 131072K, used 64512K [0x0000000740000000, 0x0000000740100400, 0x00000007c0000000)
  region size 1024K, 5 young (5120K), 5 survivors (5120K)
 Metaspace       used 23277K, capacity 24333K, committed 24576K, reserved 1071104K
  class space    used 2250K, capacity 2490K, committed 2560K, reserved 1048576K
}
Event: 133.730 GC heap before
{Heap before GC invocations=7 (full 0):
 garbage-first heap   total 131072K, used 75776K [0x0000000740000000, 0x0000000740100400, 0x00000007c0000000)
  region size 1024K, 17 young (17408K), 5 survivors (5120K)
 Metaspace       used 23294K, capacity 24333K, committed 24576K, reserved 1071104K
  class space    used 2250K, capacity 2490K, committed 2560K, reserved 1048576K
}
Event: 133.748 GC heap after
{Heap after GC invocations=8 (full 0):
 garbage-first heap   total 131072K, used 67298K [0x0000000740000000, 0x0000000740100400, 0x00000007c0000000)
  region size 1024K, 3 young (3072K), 3 survivors (3072K)
 Metaspace       used 23294K, capacity 24333K, committed 24576K, reserved 1071104K
  class space    used 2250K, capacity 2490K, committed 2560K, reserved 1048576K
}

