# JRE version: Java(TM) SE Runtime Environment (9.0+11) (build 9.0.1+11)
# Java VM: Java HotSpot(TM) 64-Bit Server VM (9.0.1+11, mixed mode, tiered, compressed oops, g1 gc, bsd-amd64)
Heap:
 garbage-first heap   total 131072K, used 77642K [0x0000000740000000, 0x0000000740100400, 0x00000007c0000000)
  region size 1024K, 53 young (54272K), 9 survivors (9216K)
 Metaspace       used 24954K, capacity 26031K, committed 26240K, reserved 1073152K
  class space    used 2343K, capacity 2562K, committed 2688K, reserved 1048576K
GC Heap History (10 events):
Event: 3.418 GC heap before
{Heap before GC invocations=0 (full 0):
 garbage-first heap   total 131072K, used 25600K [0x0000000740000000, 0x0000000740100400, 0x00000007c0000000)
  region size 1024K, 24 young (24576K), 0 survivors (0K)
 Metaspace       used 18158K, capacity 19169K, committed 19328K, reserved 1067008K
  class space    used 1811K, capacity 2057K, committed 2176K, reserved 1048576K
}
Event: 3.426 GC heap after
{Heap after GC invocations=1 (full 0):
 garbage-first heap   total 131072K, used 6707K [0x0000000740000000, 0x0000000740100400, 0x00000007c0000000)
  region size 1024K, 3 young (3072K), 3 survivors (3072K)
 Metaspace       used 18158K, capacity 19169K, committed 19328K, reserved 1067008K
  class space    used 1811K, capacity 2057K, committed 2176K, reserved 1048576K
}
Event: 3.519 GC heap before
{Heap before GC invocations=1 (full 0):
 garbage-first heap   total 131072K, used 8755K [0x0000000740000000, 0x0000000740100400, 0x00000007c0000000)
  region size 1024K, 6 young (6144K), 3 survivors (3072K)
 Metaspace       used 20117K, capacity 21137K, committed 21296K, reserved 1069056K
  class space    used 1896K, capacity 2114K, committed 2176K, reserved 1048576K
}
Event: 3.524 GC heap after
{Heap after GC invocations=2 (full 0):
 garbage-first heap   total 131072K, used 6043K [0x0000000740000000, 0x0000000740100400, 0x00000007c0000000)
  region size 1024K, 4 young (4096K), 4 survivors (4096K)
 Metaspace       used 20117K, capacity 21137K, committed 21296K, reserved 1069056K
  class space    used 1896K, capacity 2114K, committed 2176K, reserved 1048576K
}
Event: 5.232 GC heap before
{Heap before GC invocations=3 (full 0):
 garbage-first heap   total 131072K, used 39272K [0x0000000740000000, 0x0000000740100400, 0x00000007c0000000)
  region size 1024K, 31 young (31744K), 4 survivors (4096K)
 Metaspace       used 23661K, capacity 24743K, committed 24832K, reserved 1071104K
  class space    used 2277K, capacity 2496K, committed 2560K, reserved 1048576K
}
Event: 5.241 GC heap after
{Heap after GC invocations=4 (full 0):
 garbage-first heap   total 131072K, used 17444K [0x0000000740000000, 0x0000000740100400, 0x00000007c0000000)
  region size 1024K, 4 young (4096K), 4 survivors (4096K)
 Metaspace       used 23661K, capacity 24743K, committed 24832K, reserved 1071104K
  class space    used 2277K, capacity 2496K, committed 2560K, reserved 1048576K
}
Event: 6.673 GC heap before
{Heap before GC invocations=4 (full 0):
 garbage-first heap   total 131072K, used 72740K [0x0000000740000000, 0x0000000740100400, 0x00000007c0000000)
  region size 1024K, 58 young (59392K), 4 survivors (4096K)
 Metaspace       used 24432K, capacity 25511K, committed 25600K, reserved 1073152K
  class space    used 2325K, capacity 2560K, committed 2560K, reserved 1048576K
}
Event: 6.681 GC heap after
{Heap after GC invocations=5 (full 0):
 garbage-first heap   total 131072K, used 20968K [0x0000000740000000, 0x0000000740100400, 0x00000007c0000000)
  region size 1024K, 8 young (8192K), 8 survivors (8192K)
 Metaspace       used 24432K, capacity 25511K, committed 25600K, reserved 1073152K
  class space    used 2325K, capacity 2560K, committed 2560K, reserved 1048576K
}
Event: 8.782 GC heap before
{Heap before GC invocations=5 (full 0):
 garbage-first heap   total 131072K, used 79336K [0x0000000740000000, 0x0000000740100400, 0x00000007c0000000)
  region size 1024K, 65 young (66560K), 8 survivors (8192K)
 Metaspace       used 24603K, capacity 25639K, committed 25856K, reserved 1073152K
  class space    used 2329K, capacity 2560K, committed 2560K, reserved 1048576K
}
Event: 8.793 GC heap after
{Heap after GC invocations=6 (full 0):
 garbage-first heap   total 131072K, used 33610K [0x0000000740000000, 0x0000000740100400, 0x00000007c0000000)
  region size 1024K, 9 young (9216K), 9 survivors (9216K)
 Metaspace       used 24603K, capacity 25639K, committed 25856K, reserved 1073152K
  class space    used 2329K, capacity 2560K, committed 2560K, reserved 1048576K
}

