# JRE version: Java(TM) SE Runtime Environment (9.0+11) (build 9.0.1+11)
# Java VM: Java HotSpot(TM) 64-Bit Server VM (9.0.1+11, mixed mode, tiered, compressed oops, g1 gc, bsd-amd64)
Heap:
 garbage-first heap   total 131072K, used 31270K [0x0000000740000000, 0x0000000740100400, 0x00000007c0000000)
  region size 1024K, 13 young (13312K), 9 survivors (9216K)
 Metaspace       used 24575K, capacity 25709K, committed 25984K, reserved 1073152K
  class space    used 2331K, capacity 2561K, committed 2688K, reserved 1048576K
GC Heap History (8 events):
Event: 3.403 GC heap before
{Heap before GC invocations=0 (full 0):
 garbage-first heap   total 131072K, used 25600K [0x0000000740000000, 0x0000000740100400, 0x00000007c0000000)
  region size 1024K, 24 young (24576K), 0 survivors (0K)
 Metaspace       used 17881K, capacity 18915K, committed 19072K, reserved 1067008K
  class space    used 1810K, capacity 2058K, committed 2176K, reserved 1048576K
}
Event: 3.412 GC heap after
{Heap after GC invocations=1 (full 0):
 garbage-first heap   total 131072K, used 6771K [0x0000000740000000, 0x0000000740100400, 0x00000007c0000000)
  region size 1024K, 3 young (3072K), 3 survivors (3072K)
 Metaspace       used 17881K, capacity 18915K, committed 19072K, reserved 1067008K
  class space    used 1810K, capacity 2058K, committed 2176K, reserved 1048576K
}
Event: 3.515 GC heap before
{Heap before GC invocations=1 (full 0):
 garbage-first heap   total 131072K, used 8819K [0x0000000740000000, 0x0000000740100400, 0x00000007c0000000)
  region size 1024K, 6 young (6144K), 3 survivors (3072K)
 Metaspace       used 20103K, capacity 21139K, committed 21296K, reserved 1069056K
  class space    used 1895K, capacity 2115K, committed 2176K, reserved 1048576K
}
Event: 3.519 GC heap after
{Heap after GC invocations=2 (full 0):
 garbage-first heap   total 131072K, used 6024K [0x0000000740000000, 0x0000000740100400, 0x00000007c0000000)
  region size 1024K, 4 young (4096K), 4 survivors (4096K)
 Metaspace       used 20103K, capacity 21139K, committed 21296K, reserved 1069056K
  class space    used 1895K, capacity 2115K, committed 2176K, reserved 1048576K
}
Event: 5.199 GC heap before
{Heap before GC invocations=3 (full 0):
 garbage-first heap   total 131072K, used 36117K [0x0000000740000000, 0x0000000740100400, 0x00000007c0000000)
  region size 1024K, 30 young (30720K), 4 survivors (4096K)
 Metaspace       used 24055K, capacity 25127K, committed 25344K, reserved 1073152K
  class space    used 2322K, capacity 2560K, committed 2560K, reserved 1048576K
}
Event: 5.211 GC heap after
{Heap after GC invocations=4 (full 0):
 garbage-first heap   total 131072K, used 15870K [0x0000000740000000, 0x0000000740100400, 0x00000007c0000000)
  region size 1024K, 4 young (4096K), 4 survivors (4096K)
 Metaspace       used 24055K, capacity 25127K, committed 25344K, reserved 1073152K
  class space    used 2322K, capacity 2560K, committed 2560K, reserved 1048576K
}
Event: 7.017 GC heap before
{Heap before GC invocations=4 (full 0):
 garbage-first heap   total 131072K, used 80382K [0x0000000740000000, 0x0000000740100400, 0x00000007c0000000)
  region size 1024K, 67 young (68608K), 4 survivors (4096K)
 Metaspace       used 24537K, capacity 25645K, committed 25984K, reserved 1073152K
  class space    used 2327K, capacity 2561K, committed 2688K, reserved 1048576K
}
Event: 7.027 GC heap after
{Heap after GC invocations=5 (full 0):
 garbage-first heap   total 131072K, used 28198K [0x0000000740000000, 0x0000000740100400, 0x00000007c0000000)
  region size 1024K, 9 young (9216K), 9 survivors (9216K)
 Metaspace       used 24537K, capacity 25645K, committed 25984K, reserved 1073152K
  class space    used 2327K, capacity 2561K, committed 2688K, reserved 1048576K
}

