# JRE version: Java(TM) SE Runtime Environment (9.0+11) (build 9.0.1+11)
# Java VM: Java HotSpot(TM) 64-Bit Server VM (9.0.1+11, mixed mode, tiered, compressed oops, g1 gc, bsd-amd64)
Heap:
 garbage-first heap   total 131072K, used 69248K [0x0000000740000000, 0x0000000740100400, 0x00000007c0000000)
  region size 1024K, 49 young (50176K), 8 survivors (8192K)
 Metaspace       used 33364K, capacity 34749K, committed 34944K, reserved 1081344K
  class space    used 2625K, capacity 2911K, committed 2944K, reserved 1048576K
GC Heap History (8 events):
Event: 3.166 GC heap before
{Heap before GC invocations=0 (full 0):
 garbage-first heap   total 131072K, used 25600K [0x0000000740000000, 0x0000000740100400, 0x00000007c0000000)
  region size 1024K, 24 young (24576K), 0 survivors (0K)
 Metaspace       used 17870K, capacity 18917K, committed 19072K, reserved 1067008K
  class space    used 1810K, capacity 2057K, committed 2176K, reserved 1048576K
}
Event: 3.174 GC heap after
{Heap after GC invocations=1 (full 0):
 garbage-first heap   total 131072K, used 6753K [0x0000000740000000, 0x0000000740100400, 0x00000007c0000000)
  region size 1024K, 3 young (3072K), 3 survivors (3072K)
 Metaspace       used 17870K, capacity 18917K, committed 19072K, reserved 1067008K
  class space    used 1810K, capacity 2057K, committed 2176K, reserved 1048576K
}
Event: 3.268 GC heap before
{Heap before GC invocations=1 (full 0):
 garbage-first heap   total 131072K, used 8801K [0x0000000740000000, 0x0000000740100400, 0x00000007c0000000)
  region size 1024K, 6 young (6144K), 3 survivors (3072K)
 Metaspace       used 20181K, capacity 21173K, committed 21296K, reserved 1069056K
  class space    used 1906K, capacity 2146K, committed 2176K, reserved 1048576K
}
Event: 3.273 GC heap after
{Heap after GC invocations=2 (full 0):
 garbage-first heap   total 131072K, used 6011K [0x0000000740000000, 0x0000000740100400, 0x00000007c0000000)
  region size 1024K, 4 young (4096K), 4 survivors (4096K)
 Metaspace       used 20181K, capacity 21173K, committed 21296K, reserved 1069056K
  class space    used 1906K, capacity 2146K, committed 2176K, reserved 1048576K
}
Event: 4.803 GC heap before
{Heap before GC invocations=3 (full 0):
 garbage-first heap   total 131072K, used 37146K [0x0000000740000000, 0x0000000740100400, 0x00000007c0000000)
  region size 1024K, 29 young (29696K), 4 survivors (4096K)
 Metaspace       used 25413K, capacity 26709K, committed 26880K, reserved 1073152K
  class space    used 2471K, capacity 2772K, committed 2816K, reserved 1048576K
}
Event: 4.815 GC heap after
{Heap after GC invocations=4 (full 0):
 garbage-first heap   total 131072K, used 17139K [0x0000000740000000, 0x0000000740100400, 0x00000007c0000000)
  region size 1024K, 4 young (4096K), 4 survivors (4096K)
 Metaspace       used 25413K, capacity 26709K, committed 26880K, reserved 1073152K
  class space    used 2471K, capacity 2772K, committed 2816K, reserved 1048576K
}
Event: 7.110 GC heap before
{Heap before GC invocations=4 (full 0):
 garbage-first heap   total 131072K, used 89843K [0x0000000740000000, 0x0000000740100400, 0x00000007c0000000)
  region size 1024K, 63 young (64512K), 4 survivors (4096K)
 Metaspace       used 32882K, capacity 34231K, committed 34432K, reserved 1081344K
  class space    used 2620K, capacity 2910K, committed 2944K, reserved 1048576K
}
Event: 7.129 GC heap after
{Heap after GC invocations=5 (full 0):
 garbage-first heap   total 131072K, used 28288K [0x0000000740000000, 0x0000000740100400, 0x00000007c0000000)
  region size 1024K, 8 young (8192K), 8 survivors (8192K)
 Metaspace       used 32882K, capacity 34231K, committed 34432K, reserved 1081344K
  class space    used 2620K, capacity 2910K, committed 2944K, reserved 1048576K
}

