# JRE version: Java(TM) SE Runtime Environment (9.0+11) (build 9.0.1+11)
# Java VM: Java HotSpot(TM) 64-Bit Server VM (9.0.1+11, mixed mode, tiered, compressed oops, g1 gc, bsd-amd64)
Heap:
 garbage-first heap   total 223232K, used 185602K [0x0000000740000000, 0x00000007401006d0, 0x00000007c0000000)
  region size 1024K, 33 young (33792K), 2 survivors (2048K)
 Metaspace       used 26544K, capacity 27689K, committed 27776K, reserved 1075200K
  class space    used 2405K, capacity 2661K, committed 2688K, reserved 1048576K
GC Heap History (10 events):
Event: 32.812 GC heap before
{Heap before GC invocations=79 (full 0):
 garbage-first heap   total 223232K, used 179061K [0x0000000740000000, 0x00000007401006d0, 0x00000007c0000000)
  region size 1024K, 34 young (34816K), 2 survivors (2048K)
 Metaspace       used 26508K, capacity 27625K, committed 27776K, reserved 1075200K
  class space    used 2402K, capacity 2661K, committed 2688K, reserved 1048576K
}
Event: 32.816 GC heap after
{Heap after GC invocations=80 (full 0):
 garbage-first heap   total 223232K, used 149000K [0x0000000740000000, 0x00000007401006d0, 0x00000007c0000000)
  region size 1024K, 5 young (5120K), 5 survivors (5120K)
 Metaspace       used 26508K, capacity 27625K, committed 27776K, reserved 1075200K
  class space    used 2402K, capacity 2661K, committed 2688K, reserved 1048576K
}
Event: 33.146 GC heap before
{Heap before GC invocations=80 (full 0):
 garbage-first heap   total 223232K, used 181768K [0x0000000740000000, 0x00000007401006d0, 0x00000007c0000000)
  region size 1024K, 37 young (37888K), 5 survivors (5120K)
 Metaspace       used 26508K, capacity 27625K, committed 27776K, reserved 1075200K
  class space    used 2402K, capacity 2661K, committed 2688K, reserved 1048576K
}
Event: 33.148 GC heap after
{Heap after GC invocations=81 (full 0):
 garbage-first heap   total 223232K, used 151593K [0x0000000740000000, 0x00000007401006d0, 0x00000007c0000000)
  region size 1024K, 4 young (4096K), 4 survivors (4096K)
 Metaspace       used 26508K, capacity 27625K, committed 27776K, reserved 1075200K
  class space    used 2402K, capacity 2661K, committed 2688K, reserved 1048576K
}
Event: 33.389 GC heap before
{Heap before GC invocations=81 (full 0):
 garbage-first heap   total 223232K, used 183337K [0x0000000740000000, 0x00000007401006d0, 0x00000007c0000000)
  region size 1024K, 35 young (35840K), 4 survivors (4096K)
 Metaspace       used 26514K, capacity 27625K, committed 27776K, reserved 1075200K
  class space    used 2402K, capacity 2661K, committed 2688K, reserved 1048576K
}
Event: 33.390 GC heap after
{Heap after GC invocations=82 (full 0):
 garbage-first heap   total 223232K, used 154120K [0x0000000740000000, 0x00000007401006d0, 0x00000007c0000000)
  region size 1024K, 4 young (4096K), 4 survivors (4096K)
 Metaspace       used 26514K, capacity 27625K, committed 27776K, reserved 1075200K
  class space    used 2402K, capacity 2661K, committed 2688K, reserved 1048576K
}
Event: 33.635 GC heap before
{Heap before GC invocations=82 (full 0):
 garbage-first heap   total 223232K, used 185864K [0x0000000740000000, 0x00000007401006d0, 0x00000007c0000000)
  region size 1024K, 35 young (35840K), 4 survivors (4096K)
 Metaspace       used 26514K, capacity 27625K, committed 27776K, reserved 1075200K
  class space    used 2402K, capacity 2661K, committed 2688K, reserved 1048576K
}
Event: 33.636 GC heap after
{Heap after GC invocations=83 (full 0):
 garbage-first heap   total 223232K, used 154896K [0x0000000740000000, 0x00000007401006d0, 0x00000007c0000000)
  region size 1024K, 2 young (2048K), 2 survivors (2048K)
 Metaspace       used 26514K, capacity 27625K, committed 27776K, reserved 1075200K
  class space    used 2402K, capacity 2661K, committed 2688K, reserved 1048576K
}
Event: 33.925 GC heap before
{Heap before GC invocations=83 (full 0):
 garbage-first heap   total 223232K, used 186640K [0x0000000740000000, 0x00000007401006d0, 0x00000007c0000000)
  region size 1024K, 33 young (33792K), 2 survivors (2048K)
 Metaspace       used 26514K, capacity 27625K, committed 27776K, reserved 1075200K
  class space    used 2402K, capacity 2661K, committed 2688K, reserved 1048576K
}
Event: 33.925 GC heap after
{Heap after GC invocations=84 (full 0):
 garbage-first heap   total 223232K, used 154882K [0x0000000740000000, 0x00000007401006d0, 0x00000007c0000000)
  region size 1024K, 2 young (2048K), 2 survivors (2048K)
 Metaspace       used 26514K, capacity 27625K, committed 27776K, reserved 1075200K
  class space    used 2402K, capacity 2661K, committed 2688K, reserved 1048576K
}

